This is pdfTeX, Version 3.14159265-2.6-1.40.16 (TeX Live 2015) (preloaded format=pdflatex 2015.5.24)  21 DEC 2015 15:02
entering extended mode
 restricted \write18 enabled.
 file:line:error style messages enabled.
 %&-line parsing enabled.
**challenge.tex
(./challenge.tex
LaTeX2e <2015/01/01>
Babel <3.9l> and hyphenation patterns for 79 languages loaded.
(/usr/local/texlive/2015/texmf-dist/tex/latex/base/article.cls
Document Class: article 2014/09/29 v1.4h Standard LaTeX document class
(/usr/local/texlive/2015/texmf-dist/tex/latex/base/size11.clo
File: size11.clo 2014/09/29 v1.4h Standard LaTeX file (size option)
)
\c@part=\count79
\c@section=\count80
\c@subsection=\count81
\c@subsubsection=\count82
\c@paragraph=\count83
\c@subparagraph=\count84
\c@figure=\count85
\c@table=\count86
\abovecaptionskip=\skip41
\belowcaptionskip=\skip42
\bibindent=\dimen102
)
(/usr/local/texlive/2015/texmf-dist/tex/latex/geometry/geometry.sty
Package: geometry 2010/09/12 v5.6 Page Geometry

(/usr/local/texlive/2015/texmf-dist/tex/latex/graphics/keyval.sty
Package: keyval 2014/10/28 v1.15 key=value parser (DPC)
\KV@toks@=\toks14
)
(/usr/local/texlive/2015/texmf-dist/tex/generic/oberdiek/ifpdf.sty
Package: ifpdf 2011/01/30 v2.3 Provides the ifpdf switch (HO)
Package ifpdf Info: pdfTeX in PDF mode is detected.
)
(/usr/local/texlive/2015/texmf-dist/tex/generic/oberdiek/ifvtex.sty
Package: ifvtex 2010/03/01 v1.5 Detect VTeX and its facilities (HO)
Package ifvtex Info: VTeX not detected.
)
(/usr/local/texlive/2015/texmf-dist/tex/generic/ifxetex/ifxetex.sty
Package: ifxetex 2010/09/12 v0.6 Provides ifxetex conditional
)
\Gm@cnth=\count87
\Gm@cntv=\count88
\c@Gm@tempcnt=\count89
\Gm@bindingoffset=\dimen103
\Gm@wd@mp=\dimen104
\Gm@odd@mp=\dimen105
\Gm@even@mp=\dimen106
\Gm@layoutwidth=\dimen107
\Gm@layoutheight=\dimen108
\Gm@layouthoffset=\dimen109
\Gm@layoutvoffset=\dimen110
\Gm@dimlist=\toks15
)
(/usr/local/texlive/2015/texmf-dist/tex/latex/preprint/authblk.sty
Package: authblk 2001/02/27 1.3 (PWD)
\affilsep=\skip43
\@affilsep=\skip44
\c@Maxaffil=\count90
\c@authors=\count91
\c@affil=\count92
)
(/usr/local/texlive/2015/texmf-dist/tex/latex/graphics/graphicx.sty
Package: graphicx 2014/10/28 v1.0g Enhanced LaTeX Graphics (DPC,SPQR)

(/usr/local/texlive/2015/texmf-dist/tex/latex/graphics/graphics.sty
Package: graphics 2014/10/28 v1.0p Standard LaTeX Graphics (DPC,SPQR)

(/usr/local/texlive/2015/texmf-dist/tex/latex/graphics/trig.sty
Package: trig 1999/03/16 v1.09 sin cos tan (DPC)
)
(/usr/local/texlive/2015/texmf-dist/tex/latex/latexconfig/graphics.cfg
File: graphics.cfg 2010/04/23 v1.9 graphics configuration of TeX Live
)
Package graphics Info: Driver file: pdftex.def on input line 94.

(/usr/local/texlive/2015/texmf-dist/tex/latex/pdftex-def/pdftex.def
File: pdftex.def 2011/05/27 v0.06d Graphics/color for pdfTeX

(/usr/local/texlive/2015/texmf-dist/tex/generic/oberdiek/infwarerr.sty
Package: infwarerr 2010/04/08 v1.3 Providing info/warning/error messages (HO)
)
(/usr/local/texlive/2015/texmf-dist/tex/generic/oberdiek/ltxcmds.sty
Package: ltxcmds 2011/11/09 v1.22 LaTeX kernel commands for general use (HO)
)
\Gread@gobject=\count93
))
\Gin@req@height=\dimen111
\Gin@req@width=\dimen112
)
(/usr/local/texlive/2015/texmf-dist/tex/latex/amsfonts/amssymb.sty
Package: amssymb 2013/01/14 v3.01 AMS font symbols

(/usr/local/texlive/2015/texmf-dist/tex/latex/amsfonts/amsfonts.sty
Package: amsfonts 2013/01/14 v3.01 Basic AMSFonts support
\@emptytoks=\toks16
\symAMSa=\mathgroup4
\symAMSb=\mathgroup5
LaTeX Font Info:    Overwriting math alphabet `\mathfrak' in version `bold'
(Font)                  U/euf/m/n --> U/euf/b/n on input line 106.
))
(/usr/local/texlive/2015/texmf-dist/tex/latex/caption/caption.sty
Package: caption 2013/05/02 v3.3-89 Customizing captions (AR)

(/usr/local/texlive/2015/texmf-dist/tex/latex/caption/caption3.sty
Package: caption3 2013/05/02 v1.6-88 caption3 kernel (AR)
Package caption3 Info: TeX engine: e-TeX on input line 57.
\captionmargin=\dimen113
\captionmargin@=\dimen114
\captionwidth=\dimen115
\caption@tempdima=\dimen116
\caption@indent=\dimen117
\caption@parindent=\dimen118
\caption@hangindent=\dimen119
)
\c@ContinuedFloat=\count94
)
(/usr/local/texlive/2015/texmf-dist/tex/latex/caption/subcaption.sty
Package: subcaption 2013/02/03 v1.1-62 Sub-captions (AR)
\c@subfigure=\count95
\c@subtable=\count96
)
(/usr/local/texlive/2015/texmf-dist/tex/latex/url/url.sty
\Urlmuskip=\muskip10
Package: url 2013/09/16  ver 3.4  Verb mode for urls, etc.
) (./challenge.aux)
\openout1 = `challenge.aux'.

LaTeX Font Info:    Checking defaults for OML/cmm/m/it on input line 23.
LaTeX Font Info:    ... okay on input line 23.
LaTeX Font Info:    Checking defaults for T1/cmr/m/n on input line 23.
LaTeX Font Info:    ... okay on input line 23.
LaTeX Font Info:    Checking defaults for OT1/cmr/m/n on input line 23.
LaTeX Font Info:    ... okay on input line 23.
LaTeX Font Info:    Checking defaults for OMS/cmsy/m/n on input line 23.
LaTeX Font Info:    ... okay on input line 23.
LaTeX Font Info:    Checking defaults for OMX/cmex/m/n on input line 23.
LaTeX Font Info:    ... okay on input line 23.
LaTeX Font Info:    Checking defaults for U/cmr/m/n on input line 23.
LaTeX Font Info:    ... okay on input line 23.

*geometry* driver: auto-detecting
*geometry* detected driver: pdftex
*geometry* verbose mode - [ preamble ] result:
* driver: pdftex
* paper: letterpaper
* layout: <same size as paper>
* layoutoffset:(h,v)=(0.0pt,0.0pt)
* modes: 
* h-part:(L,W,R)=(92.14519pt, 430.00462pt, 92.14519pt)
* v-part:(T,H,B)=(95.39737pt, 556.47656pt, 143.09605pt)
* \paperwidth=614.295pt
* \paperheight=794.96999pt
* \textwidth=430.00462pt
* \textheight=556.47656pt
* \oddsidemargin=19.8752pt
* \evensidemargin=19.8752pt
* \topmargin=-13.87262pt
* \headheight=12.0pt
* \headsep=25.0pt
* \topskip=11.0pt
* \footskip=30.0pt
* \marginparwidth=59.0pt
* \marginparsep=10.0pt
* \columnsep=10.0pt
* \skip\footins=10.0pt plus 4.0pt minus 2.0pt
* \hoffset=0.0pt
* \voffset=0.0pt
* \mag=1000
* \@twocolumnfalse
* \@twosidefalse
* \@mparswitchfalse
* \@reversemarginfalse
* (1in=72.27pt=25.4mm, 1cm=28.453pt)

(/usr/local/texlive/2015/texmf-dist/tex/context/base/supp-pdf.mkii
[Loading MPS to PDF converter (version 2006.09.02).]
\scratchcounter=\count97
\scratchdimen=\dimen120
\scratchbox=\box26
\nofMPsegments=\count98
\nofMParguments=\count99
\everyMPshowfont=\toks17
\MPscratchCnt=\count100
\MPscratchDim=\dimen121
\MPnumerator=\count101
\makeMPintoPDFobject=\count102
\everyMPtoPDFconversion=\toks18
) (/usr/local/texlive/2015/texmf-dist/tex/generic/oberdiek/pdftexcmds.sty
Package: pdftexcmds 2011/11/29 v0.20 Utility functions of pdfTeX for LuaTeX (HO
)

(/usr/local/texlive/2015/texmf-dist/tex/generic/oberdiek/ifluatex.sty
Package: ifluatex 2010/03/01 v1.3 Provides the ifluatex switch (HO)
Package ifluatex Info: LuaTeX not detected.
)
Package pdftexcmds Info: LuaTeX not detected.
Package pdftexcmds Info: \pdf@primitive is available.
Package pdftexcmds Info: \pdf@ifprimitive is available.
Package pdftexcmds Info: \pdfdraftmode found.
)
(/usr/local/texlive/2015/texmf-dist/tex/latex/oberdiek/epstopdf-base.sty
Package: epstopdf-base 2010/02/09 v2.5 Base part for package epstopdf

(/usr/local/texlive/2015/texmf-dist/tex/latex/oberdiek/grfext.sty
Package: grfext 2010/08/19 v1.1 Manage graphics extensions (HO)

(/usr/local/texlive/2015/texmf-dist/tex/generic/oberdiek/kvdefinekeys.sty
Package: kvdefinekeys 2011/04/07 v1.3 Define keys (HO)
))
(/usr/local/texlive/2015/texmf-dist/tex/latex/oberdiek/kvoptions.sty
Package: kvoptions 2011/06/30 v3.11 Key value format for package options (HO)

(/usr/local/texlive/2015/texmf-dist/tex/generic/oberdiek/kvsetkeys.sty
Package: kvsetkeys 2012/04/25 v1.16 Key value parser (HO)

(/usr/local/texlive/2015/texmf-dist/tex/generic/oberdiek/etexcmds.sty
Package: etexcmds 2011/02/16 v1.5 Avoid name clashes with e-TeX commands (HO)
Package etexcmds Info: Could not find \expanded.
(etexcmds)             That can mean that you are not using pdfTeX 1.50 or
(etexcmds)             that some package has redefined \expanded.
(etexcmds)             In the latter case, load this package earlier.
)))
Package grfext Info: Graphics extension search list:
(grfext)             [.png,.pdf,.jpg,.mps,.jpeg,.jbig2,.jb2,.PNG,.PDF,.JPG,.JPE
G,.JBIG2,.JB2,.eps]
(grfext)             \AppendGraphicsExtensions on input line 452.

(/usr/local/texlive/2015/texmf-dist/tex/latex/latexconfig/epstopdf-sys.cfg
File: epstopdf-sys.cfg 2010/07/13 v1.3 Configuration of (r)epstopdf for TeX Liv
e
))
Package caption Info: Begin \AtBeginDocument code.
Package caption Info: End \AtBeginDocument code.

[1

{/usr/local/texlive/2015/texmf-var/fonts/map/pdftex/updmap/pdftex.map}]
[2]
Package epstopdf Info: Source file: <figures/degree-distribution.eps>
(epstopdf)                    date: 2015-12-13 15:22:37
(epstopdf)                    size: 34545 bytes
(epstopdf)             Output file: <figures/degree-distribution-eps-converted-
to.pdf>
(epstopdf)                    date: 2015-12-13 15:25:21
(epstopdf)                    size: 43884 bytes
(epstopdf)             Command: <repstopdf --outfile=figures/degree-distributio
n-eps-converted-to.pdf figures/degree-distribution.eps>
(epstopdf)             \includegraphics on input line 86.
Package epstopdf Info: Output file is already uptodate.

<figures/degree-distribution-eps-converted-to.pdf, id=14, 361.35pt x 252.945pt>
File: figures/degree-distribution-eps-converted-to.pdf Graphic file (type pdf)
<use figures/degree-distribution-eps-converted-to.pdf>
Package pdftex.def Info: figures/degree-distribution-eps-converted-to.pdf used 
on input line 86.
(pdftex.def)             Requested size: 344.005pt x 240.80585pt.
Package epstopdf Info: Source file: <figures/hops.eps>
(epstopdf)                    date: 2015-12-16 16:28:15
(epstopdf)                    size: 21611 bytes
(epstopdf)             Output file: <figures/hops-eps-converted-to.pdf>
(epstopdf)                    date: 2015-12-16 16:28:31
(epstopdf)                    size: 6432 bytes
(epstopdf)             Command: <repstopdf --outfile=figures/hops-eps-converted
-to.pdf figures/hops.eps>
(epstopdf)             \includegraphics on input line 102.
Package epstopdf Info: Output file is already uptodate.

<figures/hops-eps-converted-to.pdf, id=15, 361.35pt x 252.945pt>
File: figures/hops-eps-converted-to.pdf Graphic file (type pdf)

<use figures/hops-eps-converted-to.pdf>
Package pdftex.def Info: figures/hops-eps-converted-to.pdf used on input line 1
02.
(pdftex.def)             Requested size: 344.005pt x 240.80585pt.
 [3 <./figures/degree-distribution-eps-converted-to.pdf>]
Package epstopdf Info: Source file: <figures/ccd.eps>
(epstopdf)                    date: 2015-12-16 17:55:49
(epstopdf)                    size: 22310 bytes
(epstopdf)             Output file: <figures/ccd-eps-converted-to.pdf>
(epstopdf)                    date: 2015-12-16 17:56:14
(epstopdf)                    size: 5980 bytes
(epstopdf)             Command: <repstopdf --outfile=figures/ccd-eps-converted-
to.pdf figures/ccd.eps>
(epstopdf)             \includegraphics on input line 126.
Package epstopdf Info: Output file is already uptodate.

<figures/ccd-eps-converted-to.pdf, id=24, 361.35pt x 252.945pt>
File: figures/ccd-eps-converted-to.pdf Graphic file (type pdf)

<use figures/ccd-eps-converted-to.pdf>
Package pdftex.def Info: figures/ccd-eps-converted-to.pdf used on input line 12
6.
(pdftex.def)             Requested size: 344.005pt x 240.80585pt.
 [4 <./figures/hops-eps-converted-to.pdf>]
Package epstopdf Info: Source file: <figures/coefficient.eps>
(epstopdf)                    date: 2015-12-17 14:32:34
(epstopdf)                    size: 23115 bytes
(epstopdf)             Output file: <figures/coefficient-eps-converted-to.pdf>
(epstopdf)                    date: 2015-12-17 14:33:35
(epstopdf)                    size: 7377 bytes
(epstopdf)             Command: <repstopdf --outfile=figures/coefficient-eps-co
nverted-to.pdf figures/coefficient.eps>
(epstopdf)             \includegraphics on input line 143.
Package epstopdf Info: Output file is already uptodate.
 <figures/coefficient-eps-converted-to.pdf, id=33, 361.35pt x 252.945pt>
File: figures/coefficient-eps-converted-to.pdf Graphic file (type pdf)

<use figures/coefficient-eps-converted-to.pdf>
Package pdftex.def Info: figures/coefficient-eps-converted-to.pdf used on input
 line 143.
(pdftex.def)             Requested size: 344.005pt x 240.80585pt.
LaTeX Font Info:    Try loading font information for U+msa on input line 153.

(/usr/local/texlive/2015/texmf-dist/tex/latex/amsfonts/umsa.fd
File: umsa.fd 2013/01/14 v3.01 AMS symbols A
)
LaTeX Font Info:    Try loading font information for U+msb on input line 153.

(/usr/local/texlive/2015/texmf-dist/tex/latex/amsfonts/umsb.fd
File: umsb.fd 2013/01/14 v3.01 AMS symbols B
) [5 <./figures/ccd-eps-converted-to.pdf>]
Package epstopdf Info: Source file: <figures/fof.eps>
(epstopdf)                    date: 2015-12-19 13:23:53
(epstopdf)                    size: 22816 bytes
(epstopdf)             Output file: <figures/fof-eps-converted-to.pdf>
(epstopdf)                    date: 2015-12-19 13:24:40
(epstopdf)                    size: 6823 bytes
(epstopdf)             Command: <repstopdf --outfile=figures/fof-eps-converted-
to.pdf figures/fof.eps>
(epstopdf)             \includegraphics on input line 171.
Package epstopdf Info: Output file is already uptodate.

<figures/fof-eps-converted-to.pdf, id=42, 361.35pt x 252.945pt>
File: figures/fof-eps-converted-to.pdf Graphic file (type pdf)

<use figures/fof-eps-converted-to.pdf>
Package pdftex.def Info: figures/fof-eps-converted-to.pdf used on input line 17
1.
(pdftex.def)             Requested size: 344.005pt x 240.80585pt.
 [6 <./figures/coefficient-eps-converted-to.pdf>]
Package epstopdf Info: Source file: <figures/avg.eps>
(epstopdf)                    date: 2015-12-19 14:01:48
(epstopdf)                    size: 22656 bytes
(epstopdf)             Output file: <figures/avg-eps-converted-to.pdf>
(epstopdf)                    date: 2015-12-19 14:02:55
(epstopdf)                    size: 6599 bytes
(epstopdf)             Command: <repstopdf --outfile=figures/avg-eps-converted-
to.pdf figures/avg.eps>
(epstopdf)             \includegraphics on input line 192.
Package epstopdf Info: Output file is already uptodate.
 <figures/avg-eps-converted-to.pdf, id=53, 361.35pt x 252.945pt>
File: figures/avg-eps-converted-to.pdf Graphic file (type pdf)

<use figures/avg-eps-converted-to.pdf>
Package pdftex.def Info: figures/avg-eps-converted-to.pdf used on input line 19
2.
(pdftex.def)             Requested size: 344.005pt x 240.80585pt.
 [7 <./figures/fof-eps-converted-to.pdf>] <figures/stars.png, id=63, 404.2302pt
 x 346.4142pt>
File: figures/stars.png Graphic file (type png)
 <use figures/stars.png>
Package pdftex.def Info: figures/stars.png used on input line 205.
(pdftex.def)             Requested size: 191.56682pt x 164.16786pt.

<figures/review.png, id=65, 435.5472pt x 377.2494pt>
File: figures/review.png Graphic file (type png)
 <use figures/review.png>
Package pdftex.def Info: figures/review.png used on input line 210.
(pdftex.def)             Requested size: 191.56682pt x 165.92693pt.

<figures/fans.png, id=66, 418.2024pt x 372.9132pt>
File: figures/fans.png Graphic file (type png)
 <use figures/fans.png>
Package pdftex.def Info: figures/fans.png used on input line 215.
(pdftex.def)             Requested size: 191.56682pt x 170.82518pt.

<figures/votes.png, id=67, 419.166pt x 379.6584pt>
File: figures/votes.png Graphic file (type png)
 <use figures/votes.png>
Package pdftex.def Info: figures/votes.png used on input line 220.
(pdftex.def)             Requested size: 191.56682pt x 173.50952pt.

[8 <./figures/avg-eps-converted-to.pdf>] [9 <./figures/stars.png> <./figures/re
view.png> <./figures/fans.png> <./figures/votes.png>]
Package epstopdf Info: Source file: <figures/elite.eps>
(epstopdf)                    date: 2015-12-21 11:29:04
(epstopdf)                    size: 22115 bytes
(epstopdf)             Output file: <figures/elite-eps-converted-to.pdf>
(epstopdf)                    date: 2015-12-21 11:29:37
(epstopdf)                    size: 6496 bytes
(epstopdf)             Command: <repstopdf --outfile=figures/elite-eps-converte
d-to.pdf figures/elite.eps>
(epstopdf)             \includegraphics on input line 276.
Package epstopdf Info: Output file is already uptodate.

<figures/elite-eps-converted-to.pdf, id=84, 361.35pt x 252.945pt>
File: figures/elite-eps-converted-to.pdf Graphic file (type pdf)

<use figures/elite-eps-converted-to.pdf>
Package pdftex.def Info: figures/elite-eps-converted-to.pdf used on input line 
276.
(pdftex.def)             Requested size: 344.005pt x 240.80585pt.
 [10] [11 <./figures/elite-eps-converted-to.pdf>] (./challenge.bbl
Missing character: There is no ‚ in font cmti10!
Missing character: There is no Ä in font cmti10!
Missing character: There is no ú in font cmti10!
Missing character: There is no ‚ in font cmti10!
Missing character: There is no Ä in font cmti10!
Missing character: There is no ù in font cmti10!
) [12] (./challenge.aux) ) 
Here is how much of TeX's memory you used:
 3592 strings out of 493089
 55285 string characters out of 6134842
 120336 words of memory out of 5000000
 7026 multiletter control sequences out of 15000+600000
 10311 words of font info for 39 fonts, out of 8000000 for 9000
 1141 hyphenation exceptions out of 8191
 38i,7n,38p,270b,433s stack positions out of 5000i,500n,10000p,200000b,80000s
</usr/local/texlive/2015/texmf-dist/fonts/type1/publi
c/amsfonts/cm/cmbx12.pfb></usr/local/texlive/2015/texmf-dist/fonts/type1/public
/amsfonts/cm/cmmi10.pfb></usr/local/texlive/2015/texmf-dist/fonts/type1/public/
amsfonts/cm/cmr10.pfb></usr/local/texlive/2015/texmf-dist/fonts/type1/public/am
sfonts/cm/cmr12.pfb></usr/local/texlive/2015/texmf-dist/fonts/type1/public/amsf
onts/cm/cmr17.pfb></usr/local/texlive/2015/texmf-dist/fonts/type1/public/amsfon
ts/cm/cmsy10.pfb></usr/local/texlive/2015/texmf-dist/fonts/type1/public/amsfont
s/cm/cmti10.pfb></usr/local/texlive/2015/texmf-dist/fonts/type1/public/amsfonts
/cm/cmtt10.pfb>
Output written on challenge.pdf (12 pages, 486747 bytes).
PDF statistics:
 127 PDF objects out of 1000 (max. 8388607)
 82 compressed objects within 1 object stream
 0 named destinations out of 1000 (max. 500000)
 56 words of extra memory for PDF output out of 10000 (max. 10000000)

